<?xml version="1.0" encoding="UTF-8"?>
<!-- Generated by org.testng.reporters.JUnitReportReporter -->
<testsuite hostname="LAPTOP-UMA11IFC" failures="0" tests="1" name="testcases.Login_Test" time="0.477" errors="0" timestamp="2022-06-19T00:49:20 IST" skipped="0">
  <testcase classname="testcases.Login_Test" name="logincheck" time="0.477"/>
  <system-out/>
</testsuite> <!-- testcases.Login_Test -->
