<?xml version="1.0" encoding="UTF-8"?>
<!-- Generated by org.testng.reporters.JUnitReportReporter -->
<testsuite hostname="LAPTOP-UMA11IFC" failures="0" tests="2" name="testcases.Viewprofile_Test" time="1.422" errors="0" timestamp="2022-06-19T11:39:32 IST" skipped="1">
  <testcase classname="testcases.Viewprofile_Test" name="ProfileUpdate" time="1.422"/>
  <system-out/>
  <testcase classname="testcases.Viewprofile_Test" name="PassChange">
    <skipped/>
  </testcase> <!-- PassChange -->
  <system-out/>
</testsuite> <!-- testcases.Viewprofile_Test -->
